2016-12-13 10:26:16,330 INFO  org.springframework.web.context.ContextLoader - Root WebApplicationContext: initialization started
2016-12-13 10:26:16,549 INFO  org.springframework.web.context.support.XmlWebApplicationContext - Refreshing Root WebApplicationContext: startup date [Tue Dec 13 10:26:16 CST 2016]; root of context hierarchy
2016-12-13 10:26:16,614 INFO  org.springframework.beans.factory.xml.XmlBeanDefinitionReader - Loading XML bean definitions from file [G:\01gisWorkSpace\pwmana_mybatis\target\pwmana\WEB-INF\classes\spring\applicationContext-dao.xml]
2016-12-13 10:26:16,927 INFO  org.springframework.beans.factory.xml.XmlBeanDefinitionReader - Loading XML bean definitions from file [G:\01gisWorkSpace\pwmana_mybatis\target\pwmana\WEB-INF\classes\spring\applicationContext-service.xml]
2016-12-13 10:26:17,052 INFO  org.springframework.beans.factory.xml.XmlBeanDefinitionReader - Loading XML bean definitions from file [G:\01gisWorkSpace\pwmana_mybatis\target\pwmana\WEB-INF\classes\spring\applicationContext-tx.xml]
2016-12-13 10:26:17,528 INFO  org.springframework.context.support.PropertySourcesPlaceholderConfigurer - Loading properties file from class path resource [jdbc.properties]
2016-12-13 10:26:17,544 INFO  org.springframework.beans.factory.annotation.AutowiredAnnotationBeanPostProcessor - JSR-330 'javax.inject.Inject' annotation found and supported for autowiring
2016-12-13 10:26:17,742 INFO  com.mchange.v2.log.MLog - MLog clients using log4j logging.
2016-12-13 10:26:18,111 INFO  com.mchange.v2.c3p0.C3P0Registry - Initializing c3p0-0.9.1.1 [built 15-March-2007 01:32:31; debug? true; trace: 10]
2016-12-13 10:26:19,211 INFO  com.mchange.v2.c3p0.impl.AbstractPoolBackedDataSource - Initializing c3p0 pool... com.mchange.v2.c3p0.ComboPooledDataSource [ acquireIncrement -> 5, acquireRetryAttempts -> 30, acquireRetryDelay -> 1000, autoCommitOnClose -> false, automaticTestTable -> null, breakAfterAcquireFailure -> false, checkoutTimeout -> 0, connectionCustomizerClassName -> null, connectionTesterClassName -> com.mchange.v2.c3p0.impl.DefaultConnectionTester, dataSourceName -> 1bqop159k1w98th339x79r|1b25ba16, debugUnreturnedConnectionStackTraces -> false, description -> null, driverClass -> com.mysql.jdbc.Driver, factoryClassLocation -> null, forceIgnoreUnresolvedTransactions -> false, identityToken -> 1bqop159k1w98th339x79r|1b25ba16, idleConnectionTestPeriod -> 80, initialPoolSize -> 10, jdbcUrl -> jdbc:mysql://localhost:3306/mybatis?useUnicode=true&characterEncoding=UTF-8, lastAcquisitionFailureDefaultUser -> null, maxAdministrativeTaskTime -> 0, maxConnectionAge -> 0, maxIdleTime -> 60, maxIdleTimeExcessConnections -> 0, maxPoolSize -> 30, maxStatements -> 0, maxStatementsPerConnection -> 0, minPoolSize -> 5, numHelperThreads -> 3, numThreadsAwaitingCheckoutDefaultUser -> 0, preferredTestQuery -> null, properties -> {user=******, password=******}, propertyCycle -> 0, testConnectionOnCheckin -> false, testConnectionOnCheckout -> false, unreturnedConnectionTimeout -> 0, usesTraditionalReflectiveProxies -> false ]
2016-12-13 10:26:20,282 INFO  org.springframework.web.context.ContextLoader - Root WebApplicationContext: initialization completed in 3950 ms
2016-12-13 10:26:20,352 INFO  org.springframework.web.servlet.DispatcherServlet - FrameworkServlet 'springmvc': initialization started
2016-12-13 10:26:20,358 INFO  org.springframework.web.context.support.XmlWebApplicationContext - Refreshing WebApplicationContext for namespace 'springmvc-servlet': startup date [Tue Dec 13 10:26:20 CST 2016]; parent: Root WebApplicationContext
2016-12-13 10:26:20,363 INFO  org.springframework.beans.factory.xml.XmlBeanDefinitionReader - Loading XML bean definitions from class path resource [spring/spring-mvc.xml]
2016-12-13 10:26:20,668 INFO  org.springframework.beans.factory.annotation.AutowiredAnnotationBeanPostProcessor - JSR-330 'javax.inject.Inject' annotation found and supported for autowiring
2016-12-13 10:26:21,209 INFO  org.springframework.web.servlet.mvc.method.annotation.RequestMappingHandlerMapping - Mapped "{[/itemsController/index]}" onto public java.lang.String com.zacamy.pwmana.controller.test.ItemsController.index()
2016-12-13 10:26:21,221 INFO  org.springframework.web.servlet.mvc.method.annotation.RequestMappingHandlerMapping - Mapped "{[/itemsController/app/upload],methods=[POST]}" onto public java.lang.String com.zacamy.pwmana.controller.test.ItemsController.upload(org.springframework.web.multipart.MultipartFile)
2016-12-13 10:26:21,222 INFO  org.springframework.web.servlet.mvc.method.annotation.RequestMappingHandlerMapping - Mapped "{[/itemsController/queryItems]}" onto public java.lang.String com.zacamy.pwmana.controller.test.ItemsController.queryItems(javax.servlet.http.HttpServletRequest,org.springframework.ui.Model)
2016-12-13 10:26:21,223 INFO  org.springframework.web.servlet.mvc.method.annotation.RequestMappingHandlerMapping - Mapped "{[/itemsController/app/loginApp],methods=[POST]}" onto public java.lang.String com.zacamy.pwmana.controller.test.ItemsController.getMonery(java.lang.String,java.lang.String)
2016-12-13 10:26:21,235 INFO  org.springframework.web.servlet.mvc.method.annotation.RequestMappingHandlerMapping - Mapped "{[/user/getUser]}" onto public java.lang.String com.zacamy.pwmana.controller.user.UserController.getUser(int,javax.servlet.http.HttpServletRequest,org.springframework.ui.Model)
2016-12-13 10:26:21,236 INFO  org.springframework.web.servlet.mvc.method.annotation.RequestMappingHandlerMapping - Mapped "{[/user/addUser]}" onto public java.lang.String com.zacamy.pwmana.controller.user.UserController.addUser(javax.servlet.http.HttpServletRequest,org.springframework.ui.Model,com.zacamy.pwmana.bean.User)
2016-12-13 10:26:21,238 INFO  org.springframework.web.servlet.mvc.method.annotation.RequestMappingHandlerMapping - Mapped "{[/user/getAllUser]}" onto public java.lang.String com.zacamy.pwmana.controller.user.UserController.getAllUser(javax.servlet.http.HttpServletRequest,org.springframework.ui.Model)
2016-12-13 10:26:21,252 INFO  org.springframework.web.servlet.mvc.method.annotation.RequestMappingHandlerMapping - Mapped "{[/user/delUser]}" onto public void com.zacamy.pwmana.controller.user.UserController.delUser(int,javax.servlet.http.HttpServletRequest,org.springframework.ui.Model,javax.servlet.http.HttpServletResponse)
2016-12-13 10:26:21,253 INFO  org.springframework.web.servlet.mvc.method.annotation.RequestMappingHandlerMapping - Mapped "{[/user/toAddUser]}" onto public java.lang.String com.zacamy.pwmana.controller.user.UserController.toAddUser(javax.servlet.http.HttpServletRequest,org.springframework.ui.Model)
2016-12-13 10:26:21,257 INFO  org.springframework.web.servlet.mvc.method.annotation.RequestMappingHandlerMapping - Mapped "{[/wechatPay/nativeOrder]}" onto public void com.zacamy.pwmana.controller.wechatpay.WechatPayControler.nativeOrder(java.lang.String,java.lang.String,java.lang.String,java.lang.String,java.lang.String,javax.servlet.http.HttpServletResponse) throws java.io.IOException
2016-12-13 10:26:21,258 INFO  org.springframework.web.servlet.mvc.method.annotation.RequestMappingHandlerMapping - Mapped "{[/wechatPay/openWebPay]}" onto public java.lang.String com.zacamy.pwmana.controller.wechatpay.WechatPayControler.openWebPay(javax.servlet.http.HttpServletRequest,org.springframework.ui.Model)
2016-12-13 10:26:21,258 INFO  org.springframework.web.servlet.mvc.method.annotation.RequestMappingHandlerMapping - Mapped "{[/wechatPay/jsOarder]}" onto public java.lang.String com.zacamy.pwmana.controller.wechatpay.WechatPayControler.jsOrder(java.lang.String,java.lang.String,java.lang.String,java.lang.String,java.lang.String,java.lang.String) throws java.lang.Exception
2016-12-13 10:26:21,259 INFO  org.springframework.web.servlet.mvc.method.annotation.RequestMappingHandlerMapping - Mapped "{[/wechatPay/openNativePay]}" onto public java.lang.String com.zacamy.pwmana.controller.wechatpay.WechatPayControler.openNativePay(javax.servlet.http.HttpServletRequest,org.springframework.ui.Model)
2016-12-13 10:26:21,259 INFO  org.springframework.web.servlet.mvc.method.annotation.RequestMappingHandlerMapping - Mapped "{[/wechatPay/callback],methods=[POST]}" onto public void com.zacamy.pwmana.controller.wechatpay.WechatPayControler.callBack(javax.servlet.http.HttpServletRequest,javax.servlet.http.HttpServletResponse) throws java.io.IOException
2016-12-13 10:26:21,260 INFO  org.springframework.web.servlet.mvc.method.annotation.RequestMappingHandlerMapping - Mapped "{[/wechatPay/appOarder]}" onto public java.lang.String com.zacamy.pwmana.controller.wechatpay.WechatPayControler.appOrder(java.lang.String,java.lang.String,java.lang.String,java.lang.String,java.lang.String,java.lang.String) throws java.lang.Exception
2016-12-13 10:26:22,279 INFO  org.springframework.web.servlet.mvc.method.annotation.RequestMappingHandlerAdapter - Looking for @ControllerAdvice: WebApplicationContext for namespace 'springmvc-servlet': startup date [Tue Dec 13 10:26:20 CST 2016]; parent: Root WebApplicationContext
2016-12-13 10:26:22,674 INFO  org.springframework.web.servlet.mvc.method.annotation.RequestMappingHandlerAdapter - Looking for @ControllerAdvice: WebApplicationContext for namespace 'springmvc-servlet': startup date [Tue Dec 13 10:26:20 CST 2016]; parent: Root WebApplicationContext
2016-12-13 10:26:22,916 INFO  org.springframework.web.servlet.handler.SimpleUrlHandlerMapping - Root mapping to handler of type [class org.springframework.web.servlet.mvc.ParameterizableViewController]
2016-12-13 10:26:22,935 INFO  org.springframework.web.servlet.handler.SimpleUrlHandlerMapping - Mapped URL path [/**] onto handler 'org.springframework.web.servlet.resource.DefaultServletHttpRequestHandler#0'
2016-12-13 10:26:23,173 INFO  org.springframework.web.servlet.DispatcherServlet - FrameworkServlet 'springmvc': initialization completed in 2820 ms
2016-12-13 10:30:44,170 INFO  org.springframework.web.context.ContextLoader - Root WebApplicationContext: initialization started
2016-12-13 10:30:44,310 INFO  org.springframework.web.context.support.XmlWebApplicationContext - Refreshing Root WebApplicationContext: startup date [Tue Dec 13 10:30:44 CST 2016]; root of context hierarchy
2016-12-13 10:30:44,364 INFO  org.springframework.beans.factory.xml.XmlBeanDefinitionReader - Loading XML bean definitions from class path resource [spring.xml]
2016-12-13 10:30:44,488 INFO  org.springframework.beans.factory.xml.XmlBeanDefinitionReader - Loading XML bean definitions from class path resource [spring-mybatis.xml]
2016-12-13 10:30:44,774 INFO  org.springframework.beans.factory.xml.XmlBeanDefinitionReader - Loading XML bean definitions from class path resource [spring-cache.xml]
2016-12-13 10:30:44,791 INFO  org.springframework.beans.factory.xml.XmlBeanDefinitionReader - Loading XML bean definitions from class path resource [spring-shiro.xml]
2016-12-13 10:30:45,237 INFO  org.springframework.beans.factory.config.PropertyPlaceholderConfigurer - Loading properties file from class path resource [jdbc.properties]
2016-12-13 10:30:45,237 INFO  org.springframework.beans.factory.config.PropertyPlaceholderConfigurer - Loading properties file from class path resource [config.properties]
2016-12-13 10:30:45,238 INFO  org.springframework.beans.factory.config.PropertyPlaceholderConfigurer - Loading properties file from class path resource [shiro-config.properties]
2016-12-13 10:30:45,249 INFO  org.springframework.beans.factory.annotation.AutowiredAnnotationBeanPostProcessor - JSR-330 'javax.inject.Inject' annotation found and supported for autowiring
2016-12-13 10:30:45,360 INFO  org.springframework.context.support.PostProcessorRegistrationDelegate$BeanPostProcessorChecker - Bean 'org.springframework.aop.support.DefaultBeanFactoryPointcutAdvisor#0' of type [class org.springframework.aop.support.DefaultBeanFactoryPointcutAdvisor] is not eligible for getting processed by all BeanPostProcessors (for example: not eligible for auto-proxying)
2016-12-13 10:30:46,279 INFO  org.springframework.context.support.PostProcessorRegistrationDelegate$BeanPostProcessorChecker - Bean 'org.springframework.beans.factory.config.MethodInvokingFactoryBean#0' of type [class org.springframework.beans.factory.config.MethodInvokingFactoryBean] is not eligible for getting processed by all BeanPostProcessors (for example: not eligible for auto-proxying)
2016-12-13 10:30:46,338 INFO  org.springframework.context.support.PostProcessorRegistrationDelegate$BeanPostProcessorChecker - Bean 'jedisPoolConfig' of type [class redis.clients.jedis.JedisPoolConfig] is not eligible for getting processed by all BeanPostProcessors (for example: not eligible for auto-proxying)
2016-12-13 10:30:46,401 INFO  org.springframework.context.support.PostProcessorRegistrationDelegate$BeanPostProcessorChecker - Bean 'jedisPool' of type [class redis.clients.jedis.JedisPool] is not eligible for getting processed by all BeanPostProcessors (for example: not eligible for auto-proxying)
2016-12-13 10:30:46,407 INFO  org.springframework.context.support.PostProcessorRegistrationDelegate$BeanPostProcessorChecker - Bean 'jedisManager' of type [class com.sojson.core.shiro.cache.JedisManager] is not eligible for getting processed by all BeanPostProcessors (for example: not eligible for auto-proxying)
2016-12-13 10:30:46,408 INFO  org.springframework.context.support.PostProcessorRegistrationDelegate$BeanPostProcessorChecker - Bean 'jedisShiroSessionRepository' of type [class com.sojson.core.shiro.cache.JedisShiroSessionRepository] is not eligible for getting processed by all BeanPostProcessors (for example: not eligible for auto-proxying)
2016-12-13 10:30:46,414 INFO  org.springframework.context.support.PostProcessorRegistrationDelegate$BeanPostProcessorChecker - Bean 'org.springframework.beans.factory.config.MethodInvokingFactoryBean#1' of type [class org.springframework.beans.factory.config.MethodInvokingFactoryBean] is not eligible for getting processed by all BeanPostProcessors (for example: not eligible for auto-proxying)
2016-12-13 10:30:46,630 INFO  org.springframework.context.support.PostProcessorRegistrationDelegate$BeanPostProcessorChecker - Bean 'log-filter' of type [class com.alibaba.druid.filter.logging.Log4jFilter] is not eligible for getting processed by all BeanPostProcessors (for example: not eligible for auto-proxying)
2016-12-13 10:30:47,290 INFO  com.alibaba.druid.pool.DruidDataSource - {dataSource-1} inited
2016-12-13 10:30:47,292 INFO  org.springframework.context.support.PostProcessorRegistrationDelegate$BeanPostProcessorChecker - Bean 'dataSource' of type [class com.alibaba.druid.pool.DruidDataSource] is not eligible for getting processed by all BeanPostProcessors (for example: not eligible for auto-proxying)
2016-12-13 10:30:47,832 INFO  org.springframework.context.support.PostProcessorRegistrationDelegate$BeanPostProcessorChecker - Bean 'sqlSessionFactory' of type [class org.mybatis.spring.SqlSessionFactoryBean] is not eligible for getting processed by all BeanPostProcessors (for example: not eligible for auto-proxying)
2016-12-13 10:30:47,838 INFO  org.springframework.context.support.PostProcessorRegistrationDelegate$BeanPostProcessorChecker - Bean 'sqlSessionFactory' of type [class org.apache.ibatis.session.defaults.DefaultSqlSessionFactory] is not eligible for getting processed by all BeanPostProcessors (for example: not eligible for auto-proxying)
2016-12-13 10:30:47,868 INFO  org.springframework.context.support.PostProcessorRegistrationDelegate$BeanPostProcessorChecker - Bean 'sqlSessionTemplate' of type [class org.mybatis.spring.SqlSessionTemplate] is not eligible for getting processed by all BeanPostProcessors (for example: not eligible for auto-proxying)
2016-12-13 10:30:47,874 INFO  org.springframework.context.support.PostProcessorRegistrationDelegate$BeanPostProcessorChecker - Bean 'UUserRoleMapper' of type [class org.mybatis.spring.mapper.MapperFactoryBean] is not eligible for getting processed by all BeanPostProcessors (for example: not eligible for auto-proxying)
2016-12-13 10:30:47,876 INFO  org.springframework.context.support.PostProcessorRegistrationDelegate$BeanPostProcessorChecker - Bean 'UUserMapper' of type [class org.mybatis.spring.mapper.MapperFactoryBean] is not eligible for getting processed by all BeanPostProcessors (for example: not eligible for auto-proxying)
2016-12-13 10:30:47,877 INFO  org.springframework.context.support.PostProcessorRegistrationDelegate$BeanPostProcessorChecker - Bean 'URolePermissionMapper' of type [class org.mybatis.spring.mapper.MapperFactoryBean] is not eligible for getting processed by all BeanPostProcessors (for example: not eligible for auto-proxying)
2016-12-13 10:30:47,878 INFO  org.springframework.context.support.PostProcessorRegistrationDelegate$BeanPostProcessorChecker - Bean 'URoleMapper' of type [class org.mybatis.spring.mapper.MapperFactoryBean] is not eligible for getting processed by all BeanPostProcessors (for example: not eligible for auto-proxying)
2016-12-13 10:30:47,880 INFO  org.springframework.context.support.PostProcessorRegistrationDelegate$BeanPostProcessorChecker - Bean 'UPermissionMapper' of type [class org.mybatis.spring.mapper.MapperFactoryBean] is not eligible for getting processed by all BeanPostProcessors (for example: not eligible for auto-proxying)
2016-12-13 10:30:47,954 INFO  org.springframework.context.support.PostProcessorRegistrationDelegate$BeanPostProcessorChecker - Bean 'sessionIdGenerator' of type [class org.apache.shiro.session.mgt.eis.JavaUuidSessionIdGenerator] is not eligible for getting processed by all BeanPostProcessors (for example: not eligible for auto-proxying)
2016-12-13 10:30:47,956 INFO  org.springframework.context.support.PostProcessorRegistrationDelegate$BeanPostProcessorChecker - Bean 'customShiroSessionDAO' of type [class com.sojson.core.shiro.CustomShiroSessionDAO] is not eligible for getting processed by all BeanPostProcessors (for example: not eligible for auto-proxying)
2016-12-13 10:30:47,959 INFO  org.springframework.context.support.PostProcessorRegistrationDelegate$BeanPostProcessorChecker - Bean 'customSessionManager' of type [class com.sojson.core.shiro.session.CustomSessionManager] is not eligible for getting processed by all BeanPostProcessors (for example: not eligible for auto-proxying)
2016-12-13 10:30:47,967 INFO  org.springframework.context.support.PostProcessorRegistrationDelegate$BeanPostProcessorChecker - Bean 'UUserMapper' of type [class com.sun.proxy.$Proxy33] is not eligible for getting processed by all BeanPostProcessors (for example: not eligible for auto-proxying)
2016-12-13 10:30:47,973 INFO  org.springframework.context.support.PostProcessorRegistrationDelegate$BeanPostProcessorChecker - Bean 'UUserRoleMapper' of type [class com.sun.proxy.$Proxy35] is not eligible for getting processed by all BeanPostProcessors (for example: not eligible for auto-proxying)
2016-12-13 10:30:47,976 INFO  org.springframework.context.support.PostProcessorRegistrationDelegate$BeanPostProcessorChecker - Bean 'UUserServiceImpl' of type [class com.sojson.user.service.impl.UUserServiceImpl] is not eligible for getting processed by all BeanPostProcessors (for example: not eligible for auto-proxying)
2016-12-13 10:30:48,027 INFO  org.springframework.context.support.PostProcessorRegistrationDelegate$BeanPostProcessorChecker - Bean 'transactionManager' of type [class org.springframework.jdbc.datasource.DataSourceTransactionManager] is not eligible for getting processed by all BeanPostProcessors (for example: not eligible for auto-proxying)
2016-12-13 10:30:48,042 INFO  org.springframework.context.support.PostProcessorRegistrationDelegate$BeanPostProcessorChecker - Bean '(inner bean)#45a2de7' of type [class org.springframework.transaction.interceptor.NameMatchTransactionAttributeSource] is not eligible for getting processed by all BeanPostProcessors (for example: not eligible for auto-proxying)
2016-12-13 10:30:48,045 INFO  org.springframework.context.support.PostProcessorRegistrationDelegate$BeanPostProcessorChecker - Bean 'txAdvice' of type [class org.springframework.transaction.interceptor.TransactionInterceptor] is not eligible for getting processed by all BeanPostProcessors (for example: not eligible for auto-proxying)
2016-12-13 10:30:48,090 INFO  org.springframework.context.support.PostProcessorRegistrationDelegate$BeanPostProcessorChecker - Bean 'UPermissionMapper' of type [class com.sun.proxy.$Proxy38] is not eligible for getting processed by all BeanPostProcessors (for example: not eligible for auto-proxying)
2016-12-13 10:30:48,102 INFO  org.springframework.context.support.PostProcessorRegistrationDelegate$BeanPostProcessorChecker - Bean 'URolePermissionMapper' of type [class com.sun.proxy.$Proxy39] is not eligible for getting processed by all BeanPostProcessors (for example: not eligible for auto-proxying)
2016-12-13 10:30:48,108 INFO  org.springframework.context.support.PostProcessorRegistrationDelegate$BeanPostProcessorChecker - Bean 'permissionServiceImpl' of type [class com.sojson.permission.service.impl.PermissionServiceImpl] is not eligible for getting processed by all BeanPostProcessors (for example: not eligible for auto-proxying)
2016-12-13 10:30:48,128 INFO  org.springframework.context.support.PostProcessorRegistrationDelegate$BeanPostProcessorChecker - Bean 'URoleMapper' of type [class com.sun.proxy.$Proxy41] is not eligible for getting processed by all BeanPostProcessors (for example: not eligible for auto-proxying)
2016-12-13 10:30:48,132 INFO  org.springframework.context.support.PostProcessorRegistrationDelegate$BeanPostProcessorChecker - Bean 'roleServiceImpl' of type [class com.sojson.permission.service.impl.RoleServiceImpl] is not eligible for getting processed by all BeanPostProcessors (for example: not eligible for auto-proxying)
2016-12-13 10:30:48,140 INFO  org.springframework.context.support.PostProcessorRegistrationDelegate$BeanPostProcessorChecker - Bean 'sampleRealm' of type [class com.sojson.core.shiro.token.SampleRealm] is not eligible for getting processed by all BeanPostProcessors (for example: not eligible for auto-proxying)
2016-12-13 10:30:48,201 INFO  org.springframework.context.support.PostProcessorRegistrationDelegate$BeanPostProcessorChecker - Bean 'customSessionListener' of type [class com.sojson.core.shiro.listenter.CustomSessionListener] is not eligible for getting processed by all BeanPostProcessors (for example: not eligible for auto-proxying)
2016-12-13 10:30:48,217 INFO  org.springframework.context.support.PostProcessorRegistrationDelegate$BeanPostProcessorChecker - Bean 'sessionValidationScheduler' of type [class org.apache.shiro.session.mgt.ExecutorServiceSessionValidationScheduler] is not eligible for getting processed by all BeanPostProcessors (for example: not eligible for auto-proxying)
2016-12-13 10:30:48,234 INFO  org.springframework.context.support.PostProcessorRegistrationDelegate$BeanPostProcessorChecker - Bean 'sessionIdCookie' of type [class org.apache.shiro.web.servlet.SimpleCookie] is not eligible for getting processed by all BeanPostProcessors (for example: not eligible for auto-proxying)
2016-12-13 10:30:48,238 INFO  org.springframework.context.support.PostProcessorRegistrationDelegate$BeanPostProcessorChecker - Bean 'sessionManager' of type [class org.apache.shiro.web.session.mgt.DefaultWebSessionManager] is not eligible for getting processed by all BeanPostProcessors (for example: not eligible for auto-proxying)
2016-12-13 10:30:48,339 INFO  org.springframework.context.support.PostProcessorRegistrationDelegate$BeanPostProcessorChecker - Bean 'rememberMeCookie' of type [class org.apache.shiro.web.servlet.SimpleCookie] is not eligible for getting processed by all BeanPostProcessors (for example: not eligible for auto-proxying)
2016-12-13 10:30:48,339 INFO  org.springframework.context.support.PostProcessorRegistrationDelegate$BeanPostProcessorChecker - Bean 'rememberMeManager' of type [class org.apache.shiro.web.mgt.CookieRememberMeManager] is not eligible for getting processed by all BeanPostProcessors (for example: not eligible for auto-proxying)
2016-12-13 10:30:48,357 INFO  org.springframework.context.support.PostProcessorRegistrationDelegate$BeanPostProcessorChecker - Bean 'jedisShiroCacheManager' of type [class com.sojson.core.shiro.cache.impl.JedisShiroCacheManager] is not eligible for getting processed by all BeanPostProcessors (for example: not eligible for auto-proxying)
2016-12-13 10:30:48,359 INFO  org.springframework.context.support.PostProcessorRegistrationDelegate$BeanPostProcessorChecker - Bean 'customShiroCacheManager' of type [class com.sojson.core.shiro.cache.impl.CustomShiroCacheManager] is not eligible for getting processed by all BeanPostProcessors (for example: not eligible for auto-proxying)
2016-12-13 10:30:48,363 INFO  org.springframework.context.support.PostProcessorRegistrationDelegate$BeanPostProcessorChecker - Bean 'securityManager' of type [class org.apache.shiro.web.mgt.DefaultWebSecurityManager] is not eligible for getting processed by all BeanPostProcessors (for example: not eligible for auto-proxying)
2016-12-13 10:30:48,380 INFO  org.springframework.context.support.PostProcessorRegistrationDelegate$BeanPostProcessorChecker - Bean 'shiroManager' of type [class com.sojson.core.shiro.service.impl.ShiroManagerImpl] is not eligible for getting processed by all BeanPostProcessors (for example: not eligible for auto-proxying)
2016-12-13 10:30:48,464 INFO  org.springframework.context.support.PostProcessorRegistrationDelegate$BeanPostProcessorChecker - Bean 'login' of type [class com.sojson.core.shiro.filter.LoginFilter] is not eligible for getting processed by all BeanPostProcessors (for example: not eligible for auto-proxying)
2016-12-13 10:30:48,474 INFO  org.springframework.context.support.PostProcessorRegistrationDelegate$BeanPostProcessorChecker - Bean 'role' of type [class com.sojson.core.shiro.filter.RoleFilter] is not eligible for getting processed by all BeanPostProcessors (for example: not eligible for auto-proxying)
2016-12-13 10:30:48,486 INFO  org.springframework.context.support.PostProcessorRegistrationDelegate$BeanPostProcessorChecker - Bean 'simple' of type [class com.sojson.core.shiro.filter.SimpleAuthFilter] is not eligible for getting processed by all BeanPostProcessors (for example: not eligible for auto-proxying)
2016-12-13 10:30:48,495 INFO  org.springframework.context.support.PostProcessorRegistrationDelegate$BeanPostProcessorChecker - Bean 'permission' of type [class com.sojson.core.shiro.filter.PermissionFilter] is not eligible for getting processed by all BeanPostProcessors (for example: not eligible for auto-proxying)
2016-12-13 10:30:48,507 INFO  org.springframework.context.support.PostProcessorRegistrationDelegate$BeanPostProcessorChecker - Bean 'kickoutSessionFilter' of type [class com.sojson.core.shiro.filter.KickoutSessionFilter] is not eligible for getting processed by all BeanPostProcessors (for example: not eligible for auto-proxying)
2016-12-13 10:30:48,510 INFO  org.springframework.context.support.PostProcessorRegistrationDelegate$BeanPostProcessorChecker - Bean 'util:map#3d12ad14' of type [class org.springframework.beans.factory.config.MapFactoryBean] is not eligible for getting processed by all BeanPostProcessors (for example: not eligible for auto-proxying)
2016-12-13 10:30:48,516 INFO  org.springframework.context.support.PostProcessorRegistrationDelegate$BeanPostProcessorChecker - Bean 'util:map#3d12ad14' of type [class java.util.LinkedHashMap] is not eligible for getting processed by all BeanPostProcessors (for example: not eligible for auto-proxying)
2016-12-13 10:30:48,583 WARN  org.springframework.web.context.support.XmlWebApplicationContext - Exception encountered during context initialization - cancelling refresh attempt: org.springframework.beans.factory.BeanCreationException: Error creating bean with name 'shiroFilter' defined in class path resource [spring-shiro.xml]: Error setting property values; nested exception is org.springframework.beans.PropertyBatchUpdateException; nested PropertyAccessExceptions (1) are:
PropertyAccessException 1: org.springframework.beans.MethodInvocationException: Property 'filterChainDefinitions' threw exception; nested exception is java.lang.NoSuchMethodError: org.slf4j.Logger.trace(Ljava/lang/String;Ljava/lang/Object;Ljava/lang/Object;)V
2016-12-13 10:30:48,597 INFO  com.alibaba.druid.pool.DruidDataSource - {dataSource-1} closed
2016-12-13 10:30:48,603 ERROR org.springframework.web.context.ContextLoader - Context initialization failed
org.springframework.beans.factory.BeanCreationException: Error creating bean with name 'shiroFilter' defined in class path resource [spring-shiro.xml]: Error setting property values; nested exception is org.springframework.beans.PropertyBatchUpdateException; nested PropertyAccessExceptions (1) are:
PropertyAccessException 1: org.springframework.beans.MethodInvocationException: Property 'filterChainDefinitions' threw exception; nested exception is java.lang.NoSuchMethodError: org.slf4j.Logger.trace(Ljava/lang/String;Ljava/lang/Object;Ljava/lang/Object;)V
	at org.springframework.beans.factory.support.AbstractAutowireCapableBeanFactory.applyPropertyValues(AbstractAutowireCapableBeanFactory.java:1518)
	at org.springframework.beans.factory.support.AbstractAutowireCapableBeanFactory.populateBean(AbstractAutowireCapableBeanFactory.java:1226)
	at org.springframework.beans.factory.support.AbstractAutowireCapableBeanFactory.doCreateBean(AbstractAutowireCapableBeanFactory.java:543)
	at org.springframework.beans.factory.support.AbstractAutowireCapableBeanFactory.createBean(AbstractAutowireCapableBeanFactory.java:482)
	at org.springframework.beans.factory.support.AbstractBeanFactory$1.getObject(AbstractBeanFactory.java:306)
	at org.springframework.beans.factory.support.DefaultSingletonBeanRegistry.getSingleton(DefaultSingletonBeanRegistry.java:230)
	at org.springframework.beans.factory.support.AbstractBeanFactory.doGetBean(AbstractBeanFactory.java:302)
	at org.springframework.beans.factory.support.AbstractBeanFactory.getBean(AbstractBeanFactory.java:202)
	at org.springframework.context.support.PostProcessorRegistrationDelegate.registerBeanPostProcessors(PostProcessorRegistrationDelegate.java:240)
	at org.springframework.context.support.AbstractApplicationContext.registerBeanPostProcessors(AbstractApplicationContext.java:687)
	at org.springframework.context.support.AbstractApplicationContext.refresh(AbstractApplicationContext.java:523)
	at org.springframework.web.context.ContextLoader.configureAndRefreshWebApplicationContext(ContextLoader.java:444)
	at org.springframework.web.context.ContextLoader.initWebApplicationContext(ContextLoader.java:326)
	at org.springframework.web.context.ContextLoaderListener.contextInitialized(ContextLoaderListener.java:107)
	at org.apache.catalina.core.StandardContext.listenerStart(StandardContext.java:4939)
	at org.apache.catalina.core.StandardContext.startInternal(StandardContext.java:5434)
	at org.apache.catalina.util.LifecycleBase.start(LifecycleBase.java:150)
	at org.apache.catalina.core.ContainerBase$StartChild.call(ContainerBase.java:1559)
	at org.apache.catalina.core.ContainerBase$StartChild.call(ContainerBase.java:1549)
	at java.util.concurrent.FutureTask.run(Unknown Source)
	at java.util.concurrent.ThreadPoolExecutor.runWorker(Unknown Source)
	at java.util.concurrent.ThreadPoolExecutor$Worker.run(Unknown Source)
	at java.lang.Thread.run(Unknown Source)
Caused by: org.springframework.beans.PropertyBatchUpdateException; nested PropertyAccessExceptions (1) are:
PropertyAccessException 1: org.springframework.beans.MethodInvocationException: Property 'filterChainDefinitions' threw exception; nested exception is java.lang.NoSuchMethodError: org.slf4j.Logger.trace(Ljava/lang/String;Ljava/lang/Object;Ljava/lang/Object;)V
	at org.springframework.beans.AbstractPropertyAccessor.setPropertyValues(AbstractPropertyAccessor.java:121)
	at org.springframework.beans.AbstractPropertyAccessor.setPropertyValues(AbstractPropertyAccessor.java:75)
	at org.springframework.beans.factory.support.AbstractAutowireCapableBeanFactory.applyPropertyValues(AbstractAutowireCapableBeanFactory.java:1514)
	... 22 more
