2016-12-01 11:35:49,187 INFO  org.springframework.web.context.ContextLoader - Root WebApplicationContext: initialization started
2016-12-01 11:35:49,340 INFO  org.springframework.web.context.support.XmlWebApplicationContext - Refreshing Root WebApplicationContext: startup date [Thu Dec 01 11:35:49 CST 2016]; root of context hierarchy
2016-12-01 11:35:49,413 INFO  org.springframework.beans.factory.xml.XmlBeanDefinitionReader - Loading XML bean definitions from file [G:\01gisWorkSpace\pwmana_mybatis\target\pwmana\WEB-INF\classes\spring\applicationContext-dao.xml]
2016-12-01 11:35:49,638 INFO  org.springframework.beans.factory.xml.XmlBeanDefinitionReader - Loading XML bean definitions from file [G:\01gisWorkSpace\pwmana_mybatis\target\pwmana\WEB-INF\classes\spring\applicationContext-service.xml]
2016-12-01 11:35:49,854 INFO  org.springframework.beans.factory.xml.XmlBeanDefinitionReader - Loading XML bean definitions from file [G:\01gisWorkSpace\pwmana_mybatis\target\pwmana\WEB-INF\classes\spring\applicationContext-tx.xml]
2016-12-01 11:35:50,349 INFO  org.springframework.context.support.PropertySourcesPlaceholderConfigurer - Loading properties file from class path resource [jdbc.properties]
2016-12-01 11:35:50,364 INFO  org.springframework.beans.factory.annotation.AutowiredAnnotationBeanPostProcessor - JSR-330 'javax.inject.Inject' annotation found and supported for autowiring
2016-12-01 11:35:50,539 INFO  com.mchange.v2.log.MLog - MLog clients using log4j logging.
2016-12-01 11:35:50,807 INFO  com.mchange.v2.c3p0.C3P0Registry - Initializing c3p0-0.9.1.2 [built 21-May-2007 15:04:56; debug? true; trace: 10]
2016-12-01 11:35:51,952 INFO  org.springframework.web.context.ContextLoader - Root WebApplicationContext: initialization completed in 2764 ms
2016-12-01 11:35:52,029 INFO  org.springframework.web.servlet.DispatcherServlet - FrameworkServlet 'springmvc': initialization started
2016-12-01 11:35:52,032 INFO  org.springframework.web.context.support.XmlWebApplicationContext - Refreshing WebApplicationContext for namespace 'springmvc-servlet': startup date [Thu Dec 01 11:35:52 CST 2016]; parent: Root WebApplicationContext
2016-12-01 11:35:52,035 INFO  org.springframework.beans.factory.xml.XmlBeanDefinitionReader - Loading XML bean definitions from class path resource [spring/spring-mvc.xml]
2016-12-01 11:35:52,269 INFO  org.springframework.beans.factory.annotation.AutowiredAnnotationBeanPostProcessor - JSR-330 'javax.inject.Inject' annotation found and supported for autowiring
2016-12-01 11:35:52,556 INFO  org.springframework.web.servlet.mvc.method.annotation.RequestMappingHandlerMapping - Mapped "{[/itemsController/index]}" onto public java.lang.String com.zacamy.pwmana.controller.test.ItemsController.index()
2016-12-01 11:35:52,558 INFO  org.springframework.web.servlet.mvc.method.annotation.RequestMappingHandlerMapping - Mapped "{[/itemsController/app/upload],methods=[POST]}" onto public java.lang.String com.zacamy.pwmana.controller.test.ItemsController.upload(org.springframework.web.multipart.MultipartFile)
2016-12-01 11:35:52,558 INFO  org.springframework.web.servlet.mvc.method.annotation.RequestMappingHandlerMapping - Mapped "{[/itemsController/queryItems]}" onto public java.lang.String com.zacamy.pwmana.controller.test.ItemsController.queryItems(javax.servlet.http.HttpServletRequest,org.springframework.ui.Model)
2016-12-01 11:35:52,558 INFO  org.springframework.web.servlet.mvc.method.annotation.RequestMappingHandlerMapping - Mapped "{[/itemsController/app/loginApp],methods=[POST]}" onto public java.lang.String com.zacamy.pwmana.controller.test.ItemsController.getMonery(java.lang.String,java.lang.String)
2016-12-01 11:35:52,560 INFO  org.springframework.web.servlet.mvc.method.annotation.RequestMappingHandlerMapping - Mapped "{[/user/addUser]}" onto public java.lang.String com.zacamy.pwmana.controller.user.UserController.addUser(javax.servlet.http.HttpServletRequest,org.springframework.ui.Model,com.zacamy.pwmana.bean.User)
2016-12-01 11:35:52,561 INFO  org.springframework.web.servlet.mvc.method.annotation.RequestMappingHandlerMapping - Mapped "{[/user/toAddUser]}" onto public java.lang.String com.zacamy.pwmana.controller.user.UserController.toAddUser(javax.servlet.http.HttpServletRequest,org.springframework.ui.Model)
2016-12-01 11:35:52,561 INFO  org.springframework.web.servlet.mvc.method.annotation.RequestMappingHandlerMapping - Mapped "{[/user/getAllUser]}" onto public java.lang.String com.zacamy.pwmana.controller.user.UserController.getAllUser(javax.servlet.http.HttpServletRequest,org.springframework.ui.Model)
2016-12-01 11:35:52,561 INFO  org.springframework.web.servlet.mvc.method.annotation.RequestMappingHandlerMapping - Mapped "{[/user/delUser]}" onto public void com.zacamy.pwmana.controller.user.UserController.delUser(int,javax.servlet.http.HttpServletRequest,org.springframework.ui.Model,javax.servlet.http.HttpServletResponse)
2016-12-01 11:35:52,561 INFO  org.springframework.web.servlet.mvc.method.annotation.RequestMappingHandlerMapping - Mapped "{[/user/getUser]}" onto public java.lang.String com.zacamy.pwmana.controller.user.UserController.getUser(int,javax.servlet.http.HttpServletRequest,org.springframework.ui.Model)
2016-12-01 11:35:52,808 INFO  org.springframework.web.servlet.mvc.method.annotation.RequestMappingHandlerAdapter - Looking for @ControllerAdvice: WebApplicationContext for namespace 'springmvc-servlet': startup date [Thu Dec 01 11:35:52 CST 2016]; parent: Root WebApplicationContext
2016-12-01 11:35:52,898 INFO  org.springframework.web.servlet.mvc.method.annotation.RequestMappingHandlerAdapter - Looking for @ControllerAdvice: WebApplicationContext for namespace 'springmvc-servlet': startup date [Thu Dec 01 11:35:52 CST 2016]; parent: Root WebApplicationContext
2016-12-01 11:35:53,148 INFO  org.springframework.web.servlet.handler.SimpleUrlHandlerMapping - Root mapping to handler of type [class org.springframework.web.servlet.mvc.ParameterizableViewController]
2016-12-01 11:35:53,164 INFO  org.springframework.web.servlet.handler.SimpleUrlHandlerMapping - Mapped URL path [/**] onto handler 'org.springframework.web.servlet.resource.DefaultServletHttpRequestHandler#0'
2016-12-01 11:35:53,343 INFO  org.springframework.web.servlet.DispatcherServlet - FrameworkServlet 'springmvc': initialization completed in 1314 ms
2016-12-01 11:36:00,413 INFO  com.mchange.v2.c3p0.impl.AbstractPoolBackedDataSource - Initializing c3p0 pool... com.mchange.v2.c3p0.ComboPooledDataSource [ acquireIncrement -> 5, acquireRetryAttempts -> 30, acquireRetryDelay -> 1000, autoCommitOnClose -> false, automaticTestTable -> null, breakAfterAcquireFailure -> false, checkoutTimeout -> 0, connectionCustomizerClassName -> null, connectionTesterClassName -> com.mchange.v2.c3p0.impl.DefaultConnectionTester, dataSourceName -> 1bqop159k1f6g18010mh7jw|1af6551c, debugUnreturnedConnectionStackTraces -> false, description -> null, driverClass -> com.mysql.jdbc.Driver, factoryClassLocation -> null, forceIgnoreUnresolvedTransactions -> false, identityToken -> 1bqop159k1f6g18010mh7jw|1af6551c, idleConnectionTestPeriod -> 80, initialPoolSize -> 10, jdbcUrl -> jdbc:mysql://localhost:3306/mybatis?useUnicode=true&characterEncoding=UTF-8, maxAdministrativeTaskTime -> 0, maxConnectionAge -> 0, maxIdleTime -> 60, maxIdleTimeExcessConnections -> 0, maxPoolSize -> 30, maxStatements -> 0, maxStatementsPerConnection -> 0, minPoolSize -> 5, numHelperThreads -> 3, numThreadsAwaitingCheckoutDefaultUser -> 0, preferredTestQuery -> null, properties -> {user=******, password=******}, propertyCycle -> 0, testConnectionOnCheckin -> false, testConnectionOnCheckout -> false, unreturnedConnectionTimeout -> 0, usesTraditionalReflectiveProxies -> false ]
